2017-05-16 11:51:42,671 [Worker-2] INFO  c.g.t.t.d.PublishedGradleVersions - Gradle version information cache file is not available. Remote download required.
2017-05-16 11:51:43,690 [Worker-2] ERROR c.g.t.t.d.PublishedGradleVersions - Cannot download published Gradle versions.
java.net.SocketTimeoutException: Read timed out
	at java.net.SocketInputStream.socketRead0(Native Method) ~[na:1.8.0_72-internal]
	at java.net.SocketInputStream.socketRead(SocketInputStream.java:116) ~[na:1.8.0_72-internal]
	at java.net.SocketInputStream.read(SocketInputStream.java:170) ~[na:1.8.0_72-internal]
	at java.net.SocketInputStream.read(SocketInputStream.java:141) ~[na:1.8.0_72-internal]
	at java.io.BufferedInputStream.fill(BufferedInputStream.java:246) ~[na:1.8.0_72-internal]
	at java.io.BufferedInputStream.read1(BufferedInputStream.java:286) ~[na:1.8.0_72-internal]
	at java.io.BufferedInputStream.read(BufferedInputStream.java:345) ~[na:1.8.0_72-internal]
	at sun.net.www.http.HttpClient.parseHTTPHeader(HttpClient.java:704) ~[na:1.8.0_72-internal]
	at sun.net.www.http.HttpClient.parseHTTP(HttpClient.java:647) ~[na:1.8.0_72-internal]
	at sun.net.www.protocol.http.HttpURLConnection.doTunneling(HttpURLConnection.java:2001) ~[na:1.8.0_72-internal]
	at sun.net.www.protocol.https.AbstractDelegateHttpsURLConnection.connect(AbstractDelegateHttpsURLConnection.java:183) ~[na:1.8.0_72-internal]
	at sun.net.www.protocol.http.HttpURLConnection.getInputStream0(HttpURLConnection.java:1513) ~[na:1.8.0_72-internal]
	at sun.net.www.protocol.http.HttpURLConnection.getInputStream(HttpURLConnection.java:1441) ~[na:1.8.0_72-internal]
	at sun.net.www.protocol.https.HttpsURLConnectionImpl.getInputStream(HttpsURLConnectionImpl.java:254) ~[na:1.8.0_72-internal]
	at com.gradleware.tooling.toolingutils.distribution.PublishedGradleVersions.downloadVersionInformation(PublishedGradleVersions.java:167) [com.gradleware.tooling.utils_0.8.1.v201512100932.jar:na]
	at com.gradleware.tooling.toolingutils.distribution.PublishedGradleVersions.create(PublishedGradleVersions.java:150) [com.gradleware.tooling.utils_0.8.1.v201512100932.jar:na]
	at org.eclipse.buildship.core.util.gradle.PublishedGradleVersionsWrapper.create(PublishedGradleVersionsWrapper.java:40) [org.eclipse.buildship.core_1.0.8.v20160201-1803.jar:na]
	at org.eclipse.buildship.core.util.gradle.PublishedGradleVersionsWrapper.<init>(PublishedGradleVersionsWrapper.java:35) [org.eclipse.buildship.core_1.0.8.v20160201-1803.jar:na]
	at org.eclipse.buildship.core.CorePlugin.createPublishedGradleVersions(CorePlugin.java:167) [org.eclipse.buildship.core_1.0.8.v20160201-1803.jar:na]
	at org.eclipse.buildship.core.CorePlugin.registerServices(CorePlugin.java:140) [org.eclipse.buildship.core_1.0.8.v20160201-1803.jar:na]
	at org.eclipse.buildship.core.CorePlugin.start(CorePlugin.java:103) [org.eclipse.buildship.core_1.0.8.v20160201-1803.jar:na]
	at org.eclipse.osgi.internal.framework.BundleContextImpl$3.run(BundleContextImpl.java:771) [org.eclipse.osgi_3.10.102.v20160118-1700.jar:na]
	at org.eclipse.osgi.internal.framework.BundleContextImpl$3.run(BundleContextImpl.java:1) [org.eclipse.osgi_3.10.102.v20160118-1700.jar:na]
	at java.security.AccessController.doPrivileged(Native Method) [na:1.8.0_72-internal]
	at org.eclipse.osgi.internal.framework.BundleContextImpl.startActivator(BundleContextImpl.java:764) [org.eclipse.osgi_3.10.102.v20160118-1700.jar:na]
	at org.eclipse.osgi.internal.framework.BundleContextImpl.start(BundleContextImpl.java:721) [org.eclipse.osgi_3.10.102.v20160118-1700.jar:na]
	at org.eclipse.osgi.internal.framework.EquinoxBundle.startWorker0(EquinoxBundle.java:941) [org.eclipse.osgi_3.10.102.v20160118-1700.jar:na]
	at org.eclipse.osgi.internal.framework.EquinoxBundle$EquinoxModule.startWorker(EquinoxBundle.java:318) [org.eclipse.osgi_3.10.102.v20160118-1700.jar:na]
	at org.eclipse.osgi.container.Module.doStart(Module.java:571) [org.eclipse.osgi_3.10.102.v20160118-1700.jar:na]
	at org.eclipse.osgi.container.Module.start(Module.java:439) [org.eclipse.osgi_3.10.102.v20160118-1700.jar:na]
	at org.eclipse.osgi.framework.util.SecureAction.start(SecureAction.java:454) [org.eclipse.osgi_3.10.102.v20160118-1700.jar:na]
	at org.eclipse.osgi.internal.hooks.EclipseLazyStarter.postFindLocalClass(EclipseLazyStarter.java:107) [org.eclipse.osgi_3.10.102.v20160118-1700.jar:na]
	at org.eclipse.osgi.internal.loader.classpath.ClasspathManager.findLocalClass(ClasspathManager.java:531) [org.eclipse.osgi_3.10.102.v20160118-1700.jar:na]
	at org.eclipse.osgi.internal.loader.ModuleClassLoader.findLocalClass(ModuleClassLoader.java:324) [org.eclipse.osgi_3.10.102.v20160118-1700.jar:na]
	at org.eclipse.osgi.internal.loader.BundleLoader.findLocalClass(BundleLoader.java:327) [org.eclipse.osgi_3.10.102.v20160118-1700.jar:na]
	at org.eclipse.osgi.internal.loader.sources.SingleSourcePackage.loadClass(SingleSourcePackage.java:36) [org.eclipse.osgi_3.10.102.v20160118-1700.jar:na]
	at org.eclipse.osgi.internal.loader.BundleLoader.findClassInternal(BundleLoader.java:398) [org.eclipse.osgi_3.10.102.v20160118-1700.jar:na]
	at org.eclipse.osgi.internal.loader.BundleLoader.findClass(BundleLoader.java:352) [org.eclipse.osgi_3.10.102.v20160118-1700.jar:na]
	at org.eclipse.osgi.internal.loader.BundleLoader.findClass(BundleLoader.java:344) [org.eclipse.osgi_3.10.102.v20160118-1700.jar:na]
	at org.eclipse.osgi.internal.loader.ModuleClassLoader.loadClass(ModuleClassLoader.java:160) [org.eclipse.osgi_3.10.102.v20160118-1700.jar:na]
	at java.lang.ClassLoader.loadClass(ClassLoader.java:357) [na:1.8.0_72-internal]
	at java.lang.Class.getDeclaredConstructors0(Native Method) [na:1.8.0_72-internal]
	at java.lang.Class.privateGetDeclaredConstructors(Class.java:2671) [na:1.8.0_72-internal]
	at java.lang.Class.getConstructor0(Class.java:3075) [na:1.8.0_72-internal]
	at java.lang.Class.newInstance(Class.java:412) [na:1.8.0_72-internal]
	at org.eclipse.osgi.internal.framework.BundleContextImpl.loadBundleActivator(BundleContextImpl.java:755) [org.eclipse.osgi_3.10.102.v20160118-1700.jar:na]
	at org.eclipse.osgi.internal.framework.BundleContextImpl.start(BundleContextImpl.java:706) [org.eclipse.osgi_3.10.102.v20160118-1700.jar:na]
	at org.eclipse.osgi.internal.framework.EquinoxBundle.startWorker0(EquinoxBundle.java:941) [org.eclipse.osgi_3.10.102.v20160118-1700.jar:na]
	at org.eclipse.osgi.internal.framework.EquinoxBundle$EquinoxModule.startWorker(EquinoxBundle.java:318) [org.eclipse.osgi_3.10.102.v20160118-1700.jar:na]
	at org.eclipse.osgi.container.Module.doStart(Module.java:571) [org.eclipse.osgi_3.10.102.v20160118-1700.jar:na]
	at org.eclipse.osgi.container.Module.start(Module.java:439) [org.eclipse.osgi_3.10.102.v20160118-1700.jar:na]
	at org.eclipse.osgi.framework.util.SecureAction.start(SecureAction.java:454) [org.eclipse.osgi_3.10.102.v20160118-1700.jar:na]
	at org.eclipse.osgi.internal.hooks.EclipseLazyStarter.postFindLocalClass(EclipseLazyStarter.java:107) [org.eclipse.osgi_3.10.102.v20160118-1700.jar:na]
	at org.eclipse.osgi.internal.loader.classpath.ClasspathManager.findLocalClass(ClasspathManager.java:531) [org.eclipse.osgi_3.10.102.v20160118-1700.jar:na]
	at org.eclipse.osgi.internal.loader.ModuleClassLoader.findLocalClass(ModuleClassLoader.java:324) [org.eclipse.osgi_3.10.102.v20160118-1700.jar:na]
	at org.eclipse.osgi.internal.loader.BundleLoader.findLocalClass(BundleLoader.java:327) [org.eclipse.osgi_3.10.102.v20160118-1700.jar:na]
	at org.eclipse.osgi.internal.loader.BundleLoader.findClassInternal(BundleLoader.java:402) [org.eclipse.osgi_3.10.102.v20160118-1700.jar:na]
	at org.eclipse.osgi.internal.loader.BundleLoader.findClass(BundleLoader.java:352) [org.eclipse.osgi_3.10.102.v20160118-1700.jar:na]
	at org.eclipse.osgi.internal.loader.BundleLoader.findClass(BundleLoader.java:344) [org.eclipse.osgi_3.10.102.v20160118-1700.jar:na]
	at org.eclipse.osgi.internal.loader.ModuleClassLoader.loadClass(ModuleClassLoader.java:160) [org.eclipse.osgi_3.10.102.v20160118-1700.jar:na]
	at java.lang.ClassLoader.loadClass(ClassLoader.java:357) [na:1.8.0_72-internal]
	at org.eclipse.osgi.internal.framework.EquinoxBundle.loadClass(EquinoxBundle.java:573) [org.eclipse.osgi_3.10.102.v20160118-1700.jar:na]
	at org.eclipse.core.internal.registry.osgi.RegistryStrategyOSGI.createExecutableExtension(RegistryStrategyOSGI.java:174) [org.eclipse.equinox.registry_3.6.0.v20150318-1503.jar:na]
	at org.eclipse.core.internal.registry.ExtensionRegistry.createExecutableExtension(ExtensionRegistry.java:905) [org.eclipse.equinox.registry_3.6.0.v20150318-1503.jar:na]
	at org.eclipse.core.internal.registry.ConfigurationElement.createExecutableExtension(ConfigurationElement.java:243) [org.eclipse.equinox.registry_3.6.0.v20150318-1503.jar:na]
	at org.eclipse.core.internal.registry.ConfigurationElementHandle.createExecutableExtension(ConfigurationElementHandle.java:55) [org.eclipse.equinox.registry_3.6.0.v20150318-1503.jar:na]
	at org.eclipse.core.internal.expressions.PropertyTesterDescriptor.instantiate(PropertyTesterDescriptor.java:96) [org.eclipse.core.expressions_3.5.0.v20150421-2214.jar:na]
	at org.eclipse.core.internal.expressions.TypeExtension.findTypeExtender(TypeExtension.java:97) [org.eclipse.core.expressions_3.5.0.v20150421-2214.jar:na]
	at org.eclipse.core.internal.expressions.TypeExtension.findTypeExtender(TypeExtension.java:130) [org.eclipse.core.expressions_3.5.0.v20150421-2214.jar:na]
	at org.eclipse.core.internal.expressions.TypeExtension.findTypeExtender(TypeExtension.java:130) [org.eclipse.core.expressions_3.5.0.v20150421-2214.jar:na]
	at org.eclipse.core.internal.expressions.TypeExtension.findTypeExtender(TypeExtension.java:130) [org.eclipse.core.expressions_3.5.0.v20150421-2214.jar:na]
	at org.eclipse.core.internal.expressions.TypeExtensionManager.getProperty(TypeExtensionManager.java:119) [org.eclipse.core.expressions_3.5.0.v20150421-2214.jar:na]
	at org.eclipse.core.internal.expressions.TestExpression.evaluate(TestExpression.java:97) [org.eclipse.core.expressions_3.5.0.v20150421-2214.jar:na]
	at org.eclipse.core.internal.expressions.CompositeExpression.evaluateAnd(CompositeExpression.java:53) [org.eclipse.core.expressions_3.5.0.v20150421-2214.jar:na]
	at org.eclipse.core.internal.expressions.WithExpression.evaluate(WithExpression.java:75) [org.eclipse.core.expressions_3.5.0.v20150421-2214.jar:na]
	at org.eclipse.core.internal.expressions.CompositeExpression.evaluateAnd(CompositeExpression.java:53) [org.eclipse.core.expressions_3.5.0.v20150421-2214.jar:na]
	at org.eclipse.core.internal.expressions.EnablementExpression.evaluate(EnablementExpression.java:55) [org.eclipse.core.expressions_3.5.0.v20150421-2214.jar:na]
	at org.eclipse.debug.internal.ui.launchConfigurations.LaunchShortcutExtension.evalEnablementExpression(LaunchShortcutExtension.java:281) [org.eclipse.debug.ui_3.11.101.v20160203-1230.jar:na]
	at org.eclipse.debug.internal.ui.contextlaunching.LaunchingResourceManager.getShortcutsForSelection(LaunchingResourceManager.java:455) [org.eclipse.debug.ui_3.11.101.v20160203-1230.jar:na]
	at org.eclipse.debug.internal.ui.contextlaunching.LaunchingResourceManager.computeLabels(LaunchingResourceManager.java:240) [org.eclipse.debug.ui_3.11.101.v20160203-1230.jar:na]
	at org.eclipse.debug.internal.ui.contextlaunching.LaunchingResourceManager$1$1.run(LaunchingResourceManager.java:142) [org.eclipse.debug.ui_3.11.101.v20160203-1230.jar:na]
	at org.eclipse.core.internal.jobs.Worker.run(Worker.java:55) [org.eclipse.core.jobs_3.7.0.v20150330-2103.jar:na]
2017-05-16 14:19:11,120 [Worker-21] INFO  c.g.t.t.d.PublishedGradleVersions - Gradle version information cache file is not available. Remote download required.
2017-05-23 14:09:03,514 [Worker-29] INFO  c.g.t.t.d.PublishedGradleVersions - Gradle version information cache file is out-of-date. Remote download required.
2017-05-30 12:09:05,332 [Worker-34] INFO  c.g.t.t.d.PublishedGradleVersions - Gradle version information cache file is not available. Remote download required.
2017-06-13 13:32:26,700 [main] INFO  c.g.t.t.d.PublishedGradleVersions - Gradle version information cache file is not available. Remote download required.
2017-06-20 15:45:28,784 [Worker-40] INFO  c.g.t.t.d.PublishedGradleVersions - Gradle version information cache file is not available. Remote download required.
2017-06-27 16:50:42,228 [Worker-36] INFO  c.g.t.t.d.PublishedGradleVersions - Gradle version information cache file is out-of-date. Remote download required.
